<?xml version="1.0" encoding="UTF-8"?>
<!-- Generated by org.testng.reporters.JUnitXMLReporter -->
<testsuite hostname="Wlpt906" ignored="1" name="Test" tests="2" failures="0" timestamp="16 Sep 2019 02:47:04 GMT" time="21.99" errors="0">
  <testcase name="TC101_verifyLoginFunctionality" time="8.489" classname="com.tm.TestCases.TestCases_Leave"/>
  <testcase name="TC103_CancelLeave" time="5.057" classname="com.tm.TestCases.TestCases_Leave"/>
  <testcase name="TC102_ApplyLeave" time="0.0" classname="com.tm.TestCases.TestCases_Leave">
    <ignored/>
  </testcase> <!-- TC102_ApplyLeave -->
</testsuite> <!-- Test -->
