<?xml version="1.0" encoding="UTF-8"?>
<testng-results skipped="0" failed="0" ignored="1" total="3" passed="2">
  <reporter-output>
  </reporter-output>
  <suite name="Suite" duration-ms="21990" started-at="2019-09-16T02:46:42Z" finished-at="2019-09-16T02:47:04Z">
    <groups>
    </groups>
    <test name="Test" duration-ms="21990" started-at="2019-09-16T02:46:42Z" finished-at="2019-09-16T02:47:04Z">
      <class name="com.tm.TestCases.TestCases_Leave">
        <test-method status="PASS" signature="setupReport()[pri:0, instance:com.tm.TestCases.TestCases_Leave@55f3ddb1]" name="setupReport" is-config="true" duration-ms="156" started-at="2019-09-16T02:46:42Z" finished-at="2019-09-16T02:46:42Z">
          <reporter-output>
          </reporter-output>
        </test-method> <!-- setupReport -->
        <test-method status="PASS" signature="launchBrowser(java.lang.reflect.Method)[pri:0, instance:com.tm.TestCases.TestCases_Leave@55f3ddb1]" name="launchBrowser" is-config="true" duration-ms="4306" started-at="2019-09-16T02:46:42Z" finished-at="2019-09-16T02:46:47Z">
          <params>
            <param index="0">
              <value>
                <![CDATA[public void com.tm.TestCases.TestCases_Leave.TC101_verifyLoginFunctionality()]]>
              </value>
            </param>
          </params>
          <reporter-output>
          </reporter-output>
        </test-method> <!-- launchBrowser -->
        <test-method status="PASS" signature="TC101_verifyLoginFunctionality()[pri:0, instance:com.tm.TestCases.TestCases_Leave@55f3ddb1]" name="TC101_verifyLoginFunctionality" duration-ms="8489" started-at="2019-09-16T02:46:47Z" finished-at="2019-09-16T02:46:55Z">
          <reporter-output>
          </reporter-output>
        </test-method> <!-- TC101_verifyLoginFunctionality -->
        <test-method status="PASS" signature="closeBrowser()[pri:0, instance:com.tm.TestCases.TestCases_Leave@55f3ddb1]" name="closeBrowser" is-config="true" duration-ms="115" started-at="2019-09-16T02:46:55Z" finished-at="2019-09-16T02:46:55Z">
          <reporter-output>
          </reporter-output>
        </test-method> <!-- closeBrowser -->
        <test-method status="PASS" signature="launchBrowser(java.lang.reflect.Method)[pri:0, instance:com.tm.TestCases.TestCases_Leave@55f3ddb1]" name="launchBrowser" is-config="true" duration-ms="3922" started-at="2019-09-16T02:46:55Z" finished-at="2019-09-16T02:46:59Z">
          <params>
            <param index="0">
              <value>
                <![CDATA[public void com.tm.TestCases.TestCases_Leave.TC103_CancelLeave()]]>
              </value>
            </param>
          </params>
          <reporter-output>
          </reporter-output>
        </test-method> <!-- launchBrowser -->
        <test-method status="PASS" signature="TC103_CancelLeave()[pri:0, instance:com.tm.TestCases.TestCases_Leave@55f3ddb1]" name="TC103_CancelLeave" duration-ms="5057" started-at="2019-09-16T02:46:59Z" finished-at="2019-09-16T02:47:04Z">
          <reporter-output>
          </reporter-output>
        </test-method> <!-- TC103_CancelLeave -->
        <test-method status="PASS" signature="closeBrowser()[pri:0, instance:com.tm.TestCases.TestCases_Leave@55f3ddb1]" name="closeBrowser" is-config="true" duration-ms="84" started-at="2019-09-16T02:47:04Z" finished-at="2019-09-16T02:47:04Z">
          <reporter-output>
          </reporter-output>
        </test-method> <!-- closeBrowser -->
        <test-method status="PASS" signature="toEnd()[pri:0, instance:com.tm.TestCases.TestCases_Leave@55f3ddb1]" name="toEnd" is-config="true" duration-ms="15647" started-at="2019-09-16T02:47:04Z" finished-at="2019-09-16T02:47:20Z">
          <reporter-output>
          </reporter-output>
        </test-method> <!-- toEnd -->
      </class> <!-- com.tm.TestCases.TestCases_Leave -->
    </test> <!-- Test -->
  </suite> <!-- Suite -->
</testng-results>
